<?xml version="1.0" encoding="UTF-8"?>
<!-- Generated by org.testng.reporters.JUnitXMLReporter -->
<testsuite ignored="0" hostname="DESKTOP-736F6HP" failures="0" tests="6" name="Test" time="85.869" errors="0" timestamp="2022-09-09T13:31:47 IST">
  <testcase classname="com.assignment.testcases.LoginPageTest" name="loginPageTest" time="0.054"/>
  <testcase classname="com.assignment.testcases.LoginPageTest" name="loginTest" time="2.721"/>
  <testcase classname="com.assignment.testcases.LoginPageTest" name="checkbox" time="0.358"/>
  <testcase classname="com.assignment.testcases.LoginPageTest" name="socialmedia" time="0.142"/>
  <testcase classname="com.assignment.testcases.HomePageTestcases" name="Homepagetest" time="0.008"/>
  <testcase classname="com.assignment.testcases.HomePageTestcases" name="sort" time="0.309"/>
</testsuite> <!-- Test -->
