<?xml version="1.0" encoding="UTF-8"?>
<testng-results ignored="0" total="6" passed="6" failed="0" skipped="0">
  <reporter-output>
  </reporter-output>
  <suite started-at="2022-09-09T13:30:21 IST" name="Suite" finished-at="2022-09-09T13:31:47 IST" duration-ms="85869">
    <groups>
    </groups>
    <test started-at="2022-09-09T13:30:21 IST" name="Test" finished-at="2022-09-09T13:31:47 IST" duration-ms="85869">
      <class name="com.assignment.testcases.LoginPageTest">
        <test-method is-config="true" signature="setUp()[pri:0, instance:com.assignment.testcases.LoginPageTest@4cc451f2]" started-at="2022-09-09T13:30:21 IST" name="setUp" finished-at="2022-09-09T13:30:53 IST" duration-ms="32577" status="PASS">
          <reporter-output>
          </reporter-output>
        </test-method> <!-- setUp -->
        <test-method signature="loginPageTest()[pri:1, instance:com.assignment.testcases.LoginPageTest@4cc451f2]" started-at="2022-09-09T13:30:53 IST" name="loginPageTest" finished-at="2022-09-09T13:30:53 IST" duration-ms="54" status="PASS">
          <reporter-output>
          </reporter-output>
        </test-method> <!-- loginPageTest -->
        <test-method is-config="true" signature="tearDown()[pri:0, instance:com.assignment.testcases.LoginPageTest@4cc451f2]" started-at="2022-09-09T13:30:54 IST" name="tearDown" finished-at="2022-09-09T13:30:56 IST" duration-ms="2441" status="PASS">
          <reporter-output>
          </reporter-output>
        </test-method> <!-- tearDown -->
        <test-method is-config="true" signature="setUp()[pri:0, instance:com.assignment.testcases.LoginPageTest@4cc451f2]" started-at="2022-09-09T13:30:56 IST" name="setUp" finished-at="2022-09-09T13:31:06 IST" duration-ms="10015" status="PASS">
          <reporter-output>
          </reporter-output>
        </test-method> <!-- setUp -->
        <test-method signature="loginTest()[pri:2, instance:com.assignment.testcases.LoginPageTest@4cc451f2]" started-at="2022-09-09T13:31:06 IST" name="loginTest" finished-at="2022-09-09T13:31:09 IST" duration-ms="2721" status="PASS">
          <reporter-output>
          </reporter-output>
        </test-method> <!-- loginTest -->
        <test-method is-config="true" signature="tearDown()[pri:0, instance:com.assignment.testcases.LoginPageTest@4cc451f2]" started-at="2022-09-09T13:31:09 IST" name="tearDown" finished-at="2022-09-09T13:31:09 IST" duration-ms="451" status="PASS">
          <reporter-output>
          </reporter-output>
        </test-method> <!-- tearDown -->
        <test-method is-config="true" signature="setUp()[pri:0, instance:com.assignment.testcases.LoginPageTest@4cc451f2]" started-at="2022-09-09T13:31:09 IST" name="setUp" finished-at="2022-09-09T13:31:19 IST" duration-ms="9796" status="PASS">
          <reporter-output>
          </reporter-output>
        </test-method> <!-- setUp -->
        <test-method signature="checkbox()[pri:3, instance:com.assignment.testcases.LoginPageTest@4cc451f2]" started-at="2022-09-09T13:31:19 IST" name="checkbox" finished-at="2022-09-09T13:31:19 IST" duration-ms="358" status="PASS">
          <reporter-output>
          </reporter-output>
        </test-method> <!-- checkbox -->
        <test-method is-config="true" signature="tearDown()[pri:0, instance:com.assignment.testcases.LoginPageTest@4cc451f2]" started-at="2022-09-09T13:31:19 IST" name="tearDown" finished-at="2022-09-09T13:31:20 IST" duration-ms="481" status="PASS">
          <reporter-output>
          </reporter-output>
        </test-method> <!-- tearDown -->
        <test-method is-config="true" signature="setUp()[pri:0, instance:com.assignment.testcases.LoginPageTest@4cc451f2]" started-at="2022-09-09T13:31:20 IST" name="setUp" finished-at="2022-09-09T13:31:29 IST" duration-ms="8895" status="PASS">
          <reporter-output>
          </reporter-output>
        </test-method> <!-- setUp -->
        <test-method signature="socialmedia()[pri:4, instance:com.assignment.testcases.LoginPageTest@4cc451f2]" started-at="2022-09-09T13:31:29 IST" name="socialmedia" finished-at="2022-09-09T13:31:29 IST" duration-ms="142" status="PASS">
          <reporter-output>
          </reporter-output>
        </test-method> <!-- socialmedia -->
        <test-method is-config="true" signature="tearDown()[pri:0, instance:com.assignment.testcases.LoginPageTest@4cc451f2]" started-at="2022-09-09T13:31:29 IST" name="tearDown" finished-at="2022-09-09T13:31:29 IST" duration-ms="326" status="PASS">
          <reporter-output>
          </reporter-output>
        </test-method> <!-- tearDown -->
      </class> <!-- com.assignment.testcases.LoginPageTest -->
      <class name="com.assignment.testcases.HomePageTestcases">
        <test-method is-config="true" signature="setUp()[pri:0, instance:com.assignment.testcases.HomePageTestcases@7f3b84b8]" started-at="2022-09-09T13:31:29 IST" name="setUp" finished-at="2022-09-09T13:31:39 IST" duration-ms="9624" status="PASS">
          <reporter-output>
          </reporter-output>
        </test-method> <!-- setUp -->
        <test-method signature="Homepagetest()[pri:1, instance:com.assignment.testcases.HomePageTestcases@7f3b84b8]" started-at="2022-09-09T13:31:39 IST" name="Homepagetest" finished-at="2022-09-09T13:31:39 IST" duration-ms="8" status="PASS">
          <reporter-output>
          </reporter-output>
        </test-method> <!-- Homepagetest -->
        <test-method is-config="true" signature="tearDown()[pri:0, instance:com.assignment.testcases.HomePageTestcases@7f3b84b8]" started-at="2022-09-09T13:31:39 IST" name="tearDown" finished-at="2022-09-09T13:31:39 IST" duration-ms="331" status="PASS">
          <reporter-output>
          </reporter-output>
        </test-method> <!-- tearDown -->
        <test-method is-config="true" signature="setUp()[pri:0, instance:com.assignment.testcases.HomePageTestcases@7f3b84b8]" started-at="2022-09-09T13:31:39 IST" name="setUp" finished-at="2022-09-09T13:31:46 IST" duration-ms="6849" status="PASS">
          <reporter-output>
          </reporter-output>
        </test-method> <!-- setUp -->
        <test-method signature="sort()[pri:2, instance:com.assignment.testcases.HomePageTestcases@7f3b84b8]" started-at="2022-09-09T13:31:46 IST" name="sort" finished-at="2022-09-09T13:31:46 IST" duration-ms="309" status="PASS">
          <reporter-output>
          </reporter-output>
        </test-method> <!-- sort -->
        <test-method is-config="true" signature="tearDown()[pri:0, instance:com.assignment.testcases.HomePageTestcases@7f3b84b8]" started-at="2022-09-09T13:31:46 IST" name="tearDown" finished-at="2022-09-09T13:31:47 IST" duration-ms="336" status="PASS">
          <reporter-output>
          </reporter-output>
        </test-method> <!-- tearDown -->
      </class> <!-- com.assignment.testcases.HomePageTestcases -->
    </test> <!-- Test -->
  </suite> <!-- Suite -->
</testng-results>
